<?xml version="1.0" encoding="UTF-8"?>
<testng-results ignored="0" total="1" passed="1" failed="0" skipped="0">
  <reporter-output>
  </reporter-output>
  <suite started-at="2024-02-14T13:20:26 IST" name="Default suite" finished-at="2024-02-14T13:20:36 IST" duration-ms="10495">
    <groups>
    </groups>
    <test started-at="2024-02-14T13:20:26 IST" name="Default test" finished-at="2024-02-14T13:20:36 IST" duration-ms="10495">
      <class name="com.hugenx.runner.Login">
        <test-method is-config="true" signature="configBC()[pri:0, instance:com.hugenx.runner.Login@7674f035]" started-at="2024-02-14T13:20:26 IST" name="configBC" finished-at="2024-02-14T13:20:31 IST" duration-ms="5431" status="PASS">
          <reporter-output>
          </reporter-output>
        </test-method> <!-- configBC -->
        <test-method is-config="true" signature="configBM()[pri:0, instance:com.hugenx.runner.Login@7674f035]" started-at="2024-02-14T13:20:31 IST" name="configBM" finished-at="2024-02-14T13:20:36 IST" duration-ms="4514" status="PASS">
          <reporter-output>
          </reporter-output>
        </test-method> <!-- configBM -->
        <test-method signature="loginInToTheApplication()[pri:0, instance:com.hugenx.runner.Login@7674f035]" started-at="2024-02-14T13:20:36 IST" name="loginInToTheApplication" finished-at="2024-02-14T13:20:36 IST" duration-ms="505" status="PASS">
          <reporter-output>
          </reporter-output>
        </test-method> <!-- loginInToTheApplication -->
        <test-method is-config="true" signature="configAM()[pri:0, instance:com.hugenx.runner.Login@7674f035]" started-at="2024-02-14T13:20:36 IST" name="configAM" finished-at="2024-02-14T13:20:36 IST" duration-ms="1" status="PASS">
          <reporter-output>
          </reporter-output>
        </test-method> <!-- configAM -->
        <test-method is-config="true" signature="configAC()[pri:0, instance:com.hugenx.runner.Login@7674f035]" started-at="2024-02-14T13:20:36 IST" name="configAC" finished-at="2024-02-14T13:20:36 IST" duration-ms="1" status="PASS">
          <reporter-output>
          </reporter-output>
        </test-method> <!-- configAC -->
      </class> <!-- com.hugenx.runner.Login -->
    </test> <!-- Default test -->
  </suite> <!-- Default suite -->
</testng-results>
